0 info it worked if it ends with ok
1 verbose cli [ 'C:\\Program Files (x86)\\nodejs\\node.exe',
1 verbose cli   'C:\\Program Files (x86)\\nodejs\\node_modules\\npm\\bin\\npm-cli.js',
1 verbose cli   'start' ]
2 info using npm@3.10.10
3 info using node@v6.9.4
4 verbose run-script [ 'prestart', 'start', 'poststart' ]
5 info lifecycle package@1.0.0~prestart: package@1.0.0
6 silly lifecycle package@1.0.0~prestart: no script for prestart, continuing
7 info lifecycle package@1.0.0~start: package@1.0.0
8 verbose lifecycle package@1.0.0~start: unsafe-perm in lifecycle true
9 verbose lifecycle package@1.0.0~start: PATH: C:\Program Files (x86)\nodejs\node_modules\npm\bin\node-gyp-bin;C:\Users\dschnieders\Documents\CIS 526\IGDB\VideoGameDatabase\node_modules\.bin;C:\Program Files\Python36\Scripts\;C:\Program Files\Python36\;C:\Program Files\Microsoft MPI\Bin\;C:\ProgramData\Oracle\Java\javapath;C:\Perl64\site\bin;C:\Perl64\bin;C:\Windows\system32;C:\Windows;C:\Windows\System32\Wbem;C:\Windows\System32\WindowsPowerShell\v1.0\;C:\Program Files (x86)\GitExtensions\;C:\Program Files (x86)\IVI Foundation\VISA\WinNT\Bin;C:\Program Files\SlikSvn\bin;C:\Program Files (x86)\SMLNJ\bin\;C:\Program Files\TortoiseSVN\bin;C:\Program Files (x86)\scala\bin;C:\Users\brdunn\.dnx\bin;C:\Program Files\Microsoft DNX\Dnvm\;C:\Program Files\Microsoft SQL Server\120\Tools\Binn\;C:\Program Files\Microsoft SQL Server\130\Tools\Binn\;\\files.cs.ksu.edu\research\plgroup\sireum\win64\Sireum;\\files.cs.ksu.edu\research\plgroup\sireum\win64\Sireum;C:\Program Files\Java\jdk1.8.0_101\bin;C:\Program Files (x86)\nodejs\;C:\Program Files\dotnet\;C:\Program Files\Git\cmd;C:\Program Files (x86)\GtkSharp\2.12\bin;\\files.cs.ksu.edu\research\plgroup\sireum\win64\Sireum\apps\z3\bin;C:\Program Files\Java\jdk\bin;C:\Program Files\PuTTY\;C:\Users\Administrator.WIN2\AppData\Roaming\Python\Scripts;C:\Users\Administrator.WIN2\AppData\Roaming\npm;C:\Program Files (x86)\Microsoft VS Code\bin;C:\Users\Administrator.WIN2\AppData\Local\atom\bin;C::\Program Files (x86)\Scratch2;C:\Program Files\Java\jdk\bin;C:\Program Files\Microsoft\Web Platform Installer\;C:\Users\dschnieders\AppData\Local\atom\bin
10 verbose lifecycle package@1.0.0~start: CWD: C:\Users\dschnieders\Documents\CIS 526\IGDB\VideoGameDatabase
11 silly lifecycle package@1.0.0~start: Args: [ '/d /s /c', 'node server.js' ]
12 silly lifecycle package@1.0.0~start: Returned: code: 1  signal: null
13 info lifecycle package@1.0.0~start: Failed to exec start script
14 verbose stack Error: package@1.0.0 start: `node server.js`
14 verbose stack Exit status 1
14 verbose stack     at EventEmitter.<anonymous> (C:\Program Files (x86)\nodejs\node_modules\npm\lib\utils\lifecycle.js:255:16)
14 verbose stack     at emitTwo (events.js:106:13)
14 verbose stack     at EventEmitter.emit (events.js:191:7)
14 verbose stack     at ChildProcess.<anonymous> (C:\Program Files (x86)\nodejs\node_modules\npm\lib\utils\spawn.js:40:14)
14 verbose stack     at emitTwo (events.js:106:13)
14 verbose stack     at ChildProcess.emit (events.js:191:7)
14 verbose stack     at maybeClose (internal/child_process.js:877:16)
14 verbose stack     at Process.ChildProcess._handle.onexit (internal/child_process.js:226:5)
15 verbose pkgid package@1.0.0
16 verbose cwd C:\Users\dschnieders\Documents\CIS 526\IGDB\VideoGameDatabase
17 error Windows_NT 6.3.9600
18 error argv "C:\\Program Files (x86)\\nodejs\\node.exe" "C:\\Program Files (x86)\\nodejs\\node_modules\\npm\\bin\\npm-cli.js" "start"
19 error node v6.9.4
20 error npm  v3.10.10
21 error code ELIFECYCLE
22 error package@1.0.0 start: `node server.js`
22 error Exit status 1
23 error Failed at the package@1.0.0 start script 'node server.js'.
23 error Make sure you have the latest version of node.js and npm installed.
23 error If you do, this is most likely a problem with the package package,
23 error not with npm itself.
23 error Tell the author that this fails on your system:
23 error     node server.js
23 error You can get information on how to open an issue for this project with:
23 error     npm bugs package
23 error Or if that isn't available, you can get their info via:
23 error     npm owner ls package
23 error There is likely additional logging output above.
24 verbose exit [ 1, true ]
